n100002 100002 12
(4808,5263,1)-(4808,5263,2)
(4808,5263,2)-(4808,5298,2)
(4808,5298,1)-(4808,5298,2)
(4878,5333,1)-(4913,5333,1)
(4878,5333,1)-(4878,5333,2)
(4878,5333,2)-(4878,5368,2)
(4878,5368,1)-(4878,5368,2)
(4878,5333,1)-(4843,5333,1)
(4843,5333,1)-(4843,5333,2)
(4843,5333,2)-(4843,5298,2)
(4843,5298,1)-(4843,5298,2)
(4843,5298,1)-(4808,5298,1)
!
n100003 100003 6
(4843,5368,1)-(4843,5368,2)
(4843,5368,2)-(4843,5403,2)
(4843,5403,1)-(4843,5403,2)
(4878,5403,1)-(4843,5403,1)
(4878,5368,1)-(4843,5368,1)
(4878,5368,1)-(4913,5368,1)
!
n100014 100014 5
(5403,5333,1)-(5438,5333,1)
(5403,5368,1)-(5403,5368,2)
(5403,5368,2)-(5403,5333,2)
(5403,5333,1)-(5403,5333,2)
(5403,5333,1)-(5298,5333,1)
!
n100015 100015 3
(5263,5333,1)-(5298,5333,1)
(5403,5333,1)-(5438,5333,1)
(5403,5333,1)-(5298,5333,1)
!
n100016 100016 8
(5368,5263,1)-(5403,5263,1)
(5438,5298,1)-(5438,5298,2)
(5438,5298,2)-(5438,5333,2)
(5438,5333,1)-(5438,5333,2)
(5438,5298,1)-(5403,5298,1)
(5403,5298,1)-(5403,5298,2)
(5403,5298,2)-(5403,5263,2)
(5403,5263,1)-(5403,5263,2)
!
n100018 100018 6
(5403,4808,1)-(5403,4808,2)
(5403,4808,2)-(5403,4843,2)
(5403,4843,1)-(5403,4843,2)
(5403,4878,1)-(5403,4878,2)
(5403,4878,2)-(5403,4843,2)
(5403,4878,1)-(5368,4878,1)
!
n100022 100022 8
(5158,4808,1)-(5158,4808,2)
(5158,4808,2)-(5158,4843,2)
(5158,4843,1)-(5158,4843,2)
(5193,4843,1)-(5158,4843,1)
(5193,4808,1)-(5158,4808,1)
(5193,4878,1)-(5193,4878,2)
(5193,4878,2)-(5193,4843,2)
(5193,4843,1)-(5193,4843,2)
!
n100023 100023 5
(5158,4808,1)-(5123,4808,1)
(5193,4808,1)-(5193,4808,2)
(5193,4808,2)-(5193,4843,2)
(5193,4843,1)-(5193,4843,2)
(5193,4808,1)-(5158,4808,1)
!
n100024 100024 7
(5123,4808,1)-(5088,4808,1)
(5158,4808,1)-(5123,4808,1)
(5158,4878,1)-(5158,4878,2)
(5158,4878,2)-(5158,4843,2)
(5158,4843,1)-(5158,4843,2)
(5158,4808,1)-(5158,4808,2)
(5158,4808,2)-(5158,4843,2)
!
n100026 100026 6
(4913,5018,1)-(4913,5018,2)
(4913,5018,2)-(4913,5053,2)
(4913,5053,1)-(4913,5053,2)
(4913,4983,1)-(4913,4983,2)
(4913,4983,2)-(4913,5018,2)
(4913,4983,1)-(4843,4983,1)
!
n100027 100027 7
(4808,5018,1)-(4808,5018,2)
(4808,5018,2)-(4808,4983,2)
(4808,4983,1)-(4808,4983,2)
(4913,5053,1)-(4913,5053,2)
(4913,5053,2)-(4913,5018,2)
(4913,5018,1)-(4913,5018,2)
(4913,5018,1)-(4808,5018,1)
!
n100054 100054 9
(4598,4633,1)-(4598,4633,2)
(4598,4633,2)-(4598,4598,2)
(4598,4598,1)-(4598,4598,2)
(4528,4668,1)-(4563,4668,1)
(4528,4598,1)-(4598,4598,1)
(4563,4668,1)-(4563,4668,2)
(4563,4668,2)-(4563,4633,2)
(4563,4633,1)-(4563,4633,2)
(4563,4633,1)-(4598,4633,1)
!
n100058 100058 5
(4493,4563,1)-(4528,4563,1)
(4528,4633,1)-(4598,4633,1)
(4528,4563,1)-(4528,4563,2)
(4528,4563,2)-(4528,4633,2)
(4528,4633,1)-(4528,4633,2)
!
n100064 100064 9
(4878,5403,1)-(4913,5403,1)
(4913,5403,1)-(4983,5403,1)
(4948,5438,1)-(4948,5438,2)
(4948,5438,2)-(4948,5403,2)
(4948,5403,1)-(4948,5403,2)
(4843,5368,1)-(4878,5368,1)
(4878,5368,1)-(4878,5368,2)
(4878,5368,2)-(4878,5403,2)
(4878,5403,1)-(4878,5403,2)
!
n100066 100066 3
(4598,5403,1)-(4598,5403,2)
(4598,5403,2)-(4598,5368,2)
(4598,5368,1)-(4598,5368,2)
!
n100072 100072 3
(4843,5368,1)-(4843,5368,2)
(4843,5368,2)-(4843,5403,2)
(4843,5403,1)-(4843,5403,2)
!
n100078 100078 3
(5123,5403,1)-(5123,5403,2)
(5123,5403,2)-(5123,5368,2)
(5123,5368,1)-(5123,5368,2)
!
n100087 100087 11
(5123,4738,1)-(5158,4738,1)
(5158,4808,1)-(5158,4808,2)
(5158,4808,2)-(5158,4843,2)
(5158,4843,1)-(5158,4843,2)
(5123,4948,1)-(5088,4948,1)
(5158,4843,1)-(5088,4843,1)
(5158,4808,2)-(5158,4738,2)
(5158,4738,1)-(5158,4738,2)
(5088,4948,1)-(5088,4948,2)
(5088,4948,2)-(5088,4843,2)
(5088,4843,1)-(5088,4843,2)
!
n100088 100088 3
(4528,5053,1)-(4528,5053,2)
(4528,5053,2)-(4528,5088,2)
(4528,5088,1)-(4528,5088,2)
!
n100090 100090 1
(4528,5158,1)-(4493,5158,1)
!
n100096 100096 6
(5123,4983,1)-(5123,4983,2)
(5123,4983,2)-(5123,4948,2)
(5123,4948,1)-(5123,4948,2)
(5123,4983,2)-(5123,5018,2)
(5123,5018,1)-(5123,5018,2)
(5088,4983,1)-(5123,4983,1)
!
n100106 100106 3
(4808,5193,1)-(4808,5193,2)
(4808,5193,2)-(4808,5228,2)
(4808,5228,1)-(4808,5228,2)
!
n100109 100109 3
(4563,5123,1)-(4563,5123,2)
(4563,5123,2)-(4563,5158,2)
(4563,5158,1)-(4563,5158,2)
!
n100113 100113 5
(4808,5158,1)-(4808,5158,2)
(4808,5158,2)-(4808,5193,2)
(4808,5193,1)-(4808,5193,2)
(4808,5158,2)-(4808,5088,2)
(4808,5088,1)-(4808,5088,2)
!
n100114 100114 1
(5088,5193,1)-(5123,5193,1)
!
n100115 100115 1
(5158,5193,1)-(5193,5193,1)
!
n100116 100116 4
(5123,5123,1)-(5123,5123,2)
(5123,5123,2)-(5123,5088,2)
(5123,5088,1)-(5123,5088,2)
(5088,5088,1)-(5123,5088,1)
!
n100117 100117 1
(5158,5053,1)-(5123,5053,1)
!
n100125 100125 4
(5158,4668,1)-(5123,4668,1)
(5123,4703,1)-(5123,4703,2)
(5123,4703,2)-(5123,4668,2)
(5123,4668,1)-(5123,4668,2)
!
n100129 100129 24
(4213,4703,1)-(4213,4703,2)
(4213,4703,2)-(4213,4668,2)
(4213,4668,1)-(4213,4668,2)
(4213,4703,1)-(4178,4703,1)
(4178,4598,1)-(4143,4598,1)
(4248,4738,1)-(4213,4738,1)
(4213,4668,2)-(4213,4633,2)
(4213,4633,1)-(4213,4633,2)
(4248,4668,1)-(4248,4668,2)
(4248,4668,2)-(4248,4703,2)
(4248,4703,1)-(4248,4703,2)
(4213,4598,1)-(4213,4598,2)
(4213,4598,2)-(4213,4633,2)
(4248,4738,1)-(4248,4738,2)
(4248,4738,2)-(4248,4703,2)
(4248,4668,1)-(4213,4668,1)
(4248,4633,1)-(4213,4633,1)
(4178,4598,1)-(4213,4598,1)
(4143,4808,1)-(4178,4808,1)
(4178,4703,1)-(4143,4703,1)
(4213,4738,1)-(4213,4738,2)
(4213,4738,2)-(4213,4808,2)
(4213,4808,1)-(4213,4808,2)
(4213,4808,1)-(4178,4808,1)
!
n100135 100135 1
(4248,4668,1)-(4213,4668,1)
!
n100141 100141 3
(4248,4703,1)-(4248,4703,2)
(4248,4703,2)-(4248,4738,2)
(4248,4738,1)-(4248,4738,2)
!
n100142 100142 3
(4213,4738,1)-(4213,4738,2)
(4213,4738,2)-(4213,4703,2)
(4213,4703,1)-(4213,4703,2)
!
n100147 100147 3
(4213,4703,1)-(4213,4703,2)
(4213,4703,2)-(4213,4738,2)
(4213,4738,1)-(4213,4738,2)
!
n100149 100149 37
(4143,4808,1)-(4143,4808,2)
(4143,4808,2)-(4143,4843,2)
(4143,4843,1)-(4143,4843,2)
(4143,4808,2)-(4143,4773,2)
(4143,4773,1)-(4143,4773,2)
(4143,4738,1)-(4143,4738,2)
(4143,4738,2)-(4143,4773,2)
(4143,4773,1)-(4178,4773,1)
(4178,4633,1)-(4178,4633,2)
(4178,4633,2)-(4178,4668,2)
(4178,4668,1)-(4178,4668,2)
(4213,4633,1)-(4178,4633,1)
(4143,4633,1)-(4178,4633,1)
(4213,4633,1)-(4213,4633,2)
(4213,4633,2)-(4213,4598,2)
(4213,4598,1)-(4213,4598,2)
(4178,4703,1)-(4178,4703,2)
(4178,4703,2)-(4178,4668,2)
(4213,4913,1)-(4248,4913,1)
(4178,4703,2)-(4178,4738,2)
(4178,4738,1)-(4178,4738,2)
(4178,4738,1)-(4143,4738,1)
(4143,4633,1)-(4143,4633,2)
(4143,4633,2)-(4143,4598,2)
(4143,4598,1)-(4143,4598,2)
(4143,4598,1)-(4108,4598,1)
(4108,4598,1)-(4108,4598,2)
(4108,4598,2)-(4108,4563,2)
(4108,4563,1)-(4108,4563,2)
(4143,4843,2)-(4143,4878,2)
(4143,4878,1)-(4143,4878,2)
(4143,4878,1)-(4178,4878,1)
(4178,4878,1)-(4178,4878,2)
(4178,4878,2)-(4178,4913,2)
(4178,4913,1)-(4178,4913,2)
(4178,4913,1)-(4213,4913,1)
(4423,4773,1)-(4178,4773,1)
!
n100151 100151 3
(4178,4703,1)-(4178,4703,2)
(4178,4703,2)-(4178,4738,2)
(4178,4738,1)-(4178,4738,2)
!
n100152 100152 3
(4213,4633,1)-(4213,4633,2)
(4213,4633,2)-(4213,4598,2)
(4213,4598,1)-(4213,4598,2)
!
n100153 100153 3
(4213,4633,1)-(4213,4633,2)
(4213,4633,2)-(4213,4598,2)
(4213,4598,1)-(4213,4598,2)
!
n100155 100155 1
(4108,4598,1)-(4143,4598,1)
!
n100156 100156 1
(4143,4633,1)-(4108,4633,1)
!
n100158 100158 3
(4108,4563,1)-(4108,4563,2)
(4108,4563,2)-(4108,4528,2)
(4108,4528,1)-(4108,4528,2)
!
n100160 100160 3
(4143,4563,1)-(4143,4563,2)
(4143,4563,2)-(4143,4528,2)
(4143,4528,1)-(4143,4528,2)
!
n100163 100163 3
(4178,4633,1)-(4178,4633,2)
(4178,4633,2)-(4178,4598,2)
(4178,4598,1)-(4178,4598,2)
!
n100164 100164 4
(4143,4668,1)-(4143,4668,2)
(4143,4668,2)-(4143,4703,2)
(4143,4703,1)-(4143,4703,2)
(4143,4668,1)-(4178,4668,1)
!
n100166 100166 1
(4213,4598,1)-(4178,4598,1)
!
n100167 100167 3
(4213,4598,1)-(4213,4598,2)
(4213,4598,2)-(4213,4563,2)
(4213,4563,1)-(4213,4563,2)
!
n100168 100168 3
(4178,4668,1)-(4178,4668,2)
(4178,4668,2)-(4178,4633,2)
(4178,4633,1)-(4178,4633,2)
!
n100169 100169 3
(4178,4633,1)-(4178,4633,2)
(4178,4633,2)-(4178,4668,2)
(4178,4668,1)-(4178,4668,2)
!
n100170 100170 23
(4143,4738,1)-(4143,4738,2)
(4143,4738,2)-(4143,4703,2)
(4143,4703,1)-(4143,4703,2)
(4143,4808,1)-(4178,4808,1)
(4143,4808,1)-(4108,4808,1)
(4213,4878,1)-(4213,4878,2)
(4213,4878,2)-(4213,4843,2)
(4213,4843,1)-(4213,4843,2)
(4178,4668,1)-(4213,4668,1)
(4143,4738,2)-(4143,4808,2)
(4143,4808,1)-(4143,4808,2)
(4143,4878,1)-(4213,4878,1)
(4178,4808,1)-(4178,4808,2)
(4178,4808,2)-(4178,4878,2)
(4178,4878,1)-(4178,4878,2)
(4143,4878,1)-(4143,4878,2)
(4143,4878,2)-(4143,4948,2)
(4143,4948,1)-(4143,4948,2)
(4178,4668,1)-(4108,4668,1)
(4143,4703,2)-(4143,4668,2)
(4143,4668,1)-(4143,4668,2)
(4213,4878,2)-(4213,4948,2)
(4213,4948,1)-(4213,4948,2)
!
n100172 100172 12
(4143,4843,1)-(4108,4843,1)
(4143,4703,1)-(4178,4703,1)
(4143,4843,1)-(4213,4843,1)
(4213,4773,1)-(4213,4773,2)
(4213,4773,2)-(4213,4843,2)
(4213,4843,1)-(4213,4843,2)
(4178,4703,1)-(4178,4703,2)
(4178,4703,2)-(4178,4738,2)
(4178,4738,1)-(4178,4738,2)
(4178,4738,1)-(4213,4738,1)
(4213,4738,1)-(4213,4738,2)
(4213,4738,2)-(4213,4773,2)
!
n100175 100175 3
(4248,4633,1)-(4248,4633,2)
(4248,4633,2)-(4248,4598,2)
(4248,4598,1)-(4248,4598,2)
!
n100181 100181 1
(4143,4738,1)-(4108,4738,1)
!
n100188 100188 1
(4213,4668,1)-(4178,4668,1)
!
n100189 100189 36
(4178,4738,1)-(4178,4738,2)
(4178,4738,2)-(4178,4703,2)
(4178,4703,1)-(4178,4703,2)
(4213,4668,1)-(4213,4668,2)
(4213,4668,2)-(4213,4633,2)
(4213,4633,1)-(4213,4633,2)
(4213,4598,1)-(4213,4598,2)
(4213,4598,2)-(4213,4633,2)
(4143,4808,1)-(4143,4808,2)
(4143,4808,2)-(4143,4773,2)
(4143,4773,1)-(4143,4773,2)
(4178,4598,1)-(4213,4598,1)
(4213,4598,2)-(4213,4563,2)
(4213,4563,1)-(4213,4563,2)
(4213,4878,1)-(4213,4878,2)
(4213,4878,2)-(4213,4843,2)
(4213,4843,1)-(4213,4843,2)
(4213,4598,1)-(4248,4598,1)
(4178,4598,1)-(4178,4598,2)
(4178,4598,2)-(4178,4633,2)
(4178,4633,1)-(4178,4633,2)
(4178,4633,1)-(4143,4633,1)
(4108,4668,1)-(4143,4668,1)
(4143,4668,1)-(4143,4668,2)
(4143,4668,2)-(4143,4633,2)
(4143,4633,1)-(4143,4633,2)
(4213,4668,2)-(4213,4703,2)
(4213,4703,1)-(4213,4703,2)
(4213,4703,1)-(4178,4703,1)
(4143,4808,2)-(4143,4878,2)
(4143,4878,1)-(4143,4878,2)
(4178,4738,2)-(4178,4773,2)
(4178,4773,1)-(4178,4773,2)
(4178,4773,1)-(4143,4773,1)
(4143,4843,1)-(4143,4843,2)
(4143,4843,1)-(4213,4843,1)
!
n100191 100191 3
(4108,4703,1)-(4108,4703,2)
(4108,4703,2)-(4108,4738,2)
(4108,4738,1)-(4108,4738,2)
!
n100192 100192 1
(4143,4808,1)-(4178,4808,1)
!
n100196 100196 3
(4178,4843,1)-(4178,4843,2)
(4178,4843,2)-(4178,4878,2)
(4178,4878,1)-(4178,4878,2)
!
n100198 100198 3
(4213,4913,1)-(4213,4913,2)
(4213,4913,2)-(4213,4878,2)
(4213,4878,1)-(4213,4878,2)
!
n100199 100199 3
(4213,4878,1)-(4213,4878,2)
(4213,4878,2)-(4213,4913,2)
(4213,4913,1)-(4213,4913,2)
!
n100215 100215 1
(4213,4598,1)-(4178,4598,1)
!
n100217 100217 1
(4178,4668,1)-(4143,4668,1)
!
n100223 100223 1
(4178,4703,1)-(4143,4703,1)
!
n100229 100229 3
(4213,4633,1)-(4213,4633,2)
(4213,4633,2)-(4213,4668,2)
(4213,4668,1)-(4213,4668,2)
!
n100236 100236 3
(4178,4773,1)-(4178,4773,2)
(4178,4773,2)-(4178,4738,2)
(4178,4738,1)-(4178,4738,2)
!
n100238 100238 3
(4213,4633,1)-(4213,4633,2)
(4213,4633,2)-(4213,4598,2)
(4213,4598,1)-(4213,4598,2)
!
n100240 100240 3
(4143,4563,1)-(4143,4563,2)
(4143,4563,2)-(4143,4598,2)
(4143,4598,1)-(4143,4598,2)
!
n100243 100243 7
(4178,4668,1)-(4178,4668,2)
(4178,4668,2)-(4178,4703,2)
(4178,4703,1)-(4178,4703,2)
(4213,4738,1)-(4213,4738,2)
(4213,4738,2)-(4213,4703,2)
(4213,4703,1)-(4213,4703,2)
(4213,4703,1)-(4178,4703,1)
!
n100246 100246 3
(4143,4773,1)-(4143,4773,2)
(4143,4773,2)-(4143,4808,2)
(4143,4808,1)-(4143,4808,2)
!
n100248 100248 3
(4108,4878,1)-(4108,4878,2)
(4108,4878,2)-(4108,4843,2)
(4108,4843,1)-(4108,4843,2)
!
n100250 100250 3
(4423,4808,1)-(4423,4808,2)
(4423,4808,2)-(4423,4843,2)
(4423,4843,1)-(4423,4843,2)
!
n100251 100251 3
(4423,4983,1)-(4423,4983,2)
(4423,4983,2)-(4423,4948,2)
(4423,4948,1)-(4423,4948,2)
!
n100252 100252 3
(4213,4878,1)-(4213,4878,2)
(4213,4878,2)-(4213,4913,2)
(4213,4913,1)-(4213,4913,2)
!
n100254 100254 3
(4003,4983,1)-(4003,4983,2)
(4003,4983,2)-(4003,4948,2)
(4003,4948,1)-(4003,4948,2)
!
n100258 100258 3
(4038,4948,1)-(4038,4948,2)
(4038,4948,2)-(4038,4913,2)
(4038,4913,1)-(4038,4913,2)
!
n100259 100259 24
(4073,4948,1)-(4073,4948,2)
(4073,4948,2)-(4073,4913,2)
(4073,4913,1)-(4073,4913,2)
(4038,4703,1)-(4038,4703,2)
(4038,4703,2)-(4038,4668,2)
(4038,4668,1)-(4038,4668,2)
(4038,4668,1)-(4003,4668,1)
(4003,4598,1)-(4003,4598,2)
(4003,4598,2)-(4003,4633,2)
(4003,4633,1)-(4003,4633,2)
(3968,4633,1)-(4003,4633,1)
(4003,4668,1)-(4003,4668,2)
(4003,4668,2)-(4003,4633,2)
(4003,4598,2)-(4003,4563,2)
(4003,4563,1)-(4003,4563,2)
(4038,4563,1)-(4003,4563,1)
(4073,4843,1)-(4073,4843,2)
(4073,4843,2)-(4073,4913,2)
(4003,4773,1)-(4038,4773,1)
(4038,4773,1)-(4038,4773,2)
(4038,4773,2)-(4038,4703,2)
(4038,4773,2)-(4038,4843,2)
(4038,4843,1)-(4038,4843,2)
(4038,4843,1)-(4073,4843,1)
!
n100260 100260 3
(4038,4703,1)-(4038,4703,2)
(4038,4703,2)-(4038,4668,2)
(4038,4668,1)-(4038,4668,2)
!
n100262 100262 1
(4038,4633,1)-(4073,4633,1)
!
n100264 100264 1
(4003,4633,1)-(4038,4633,1)
!
n100265 100265 3
(4003,4598,1)-(4003,4598,2)
(4003,4598,2)-(4003,4633,2)
(4003,4633,1)-(4003,4633,2)
!
n100267 100267 1
(3863,4563,1)-(3898,4563,1)
!
n100269 100269 1
(3898,4563,1)-(3933,4563,1)
!
n100270 100270 1
(3898,4563,1)-(3933,4563,1)
!
n100272 100272 1
(3898,4528,1)-(3933,4528,1)
!
n100273 100273 3
(4003,4773,1)-(4003,4773,2)
(4003,4773,2)-(4003,4808,2)
(4003,4808,1)-(4003,4808,2)
!
n100274 100274 3
(4073,4913,1)-(4073,4913,2)
(4073,4913,2)-(4073,4878,2)
(4073,4878,1)-(4073,4878,2)
!
n100275 100275 1
(4038,4563,1)-(4073,4563,1)
!
n100278 100278 3
(3968,4528,1)-(3968,4528,2)
(3968,4528,2)-(3968,4563,2)
(3968,4563,1)-(3968,4563,2)
!
n100281 100281 3
(3898,4913,1)-(3898,4913,2)
(3898,4913,2)-(3898,4878,2)
(3898,4878,1)-(3898,4878,2)
!
n100284 100284 1
(3933,4808,1)-(3968,4808,1)
!
n100289 100289 3
(4003,4633,1)-(4003,4633,2)
(4003,4633,2)-(4003,4598,2)
(4003,4598,1)-(4003,4598,2)
!
n100290 100290 3
(4003,4563,1)-(4003,4563,2)
(4003,4563,2)-(4003,4598,2)
(4003,4598,1)-(4003,4598,2)
!
n100291 100291 1
(4038,4563,1)-(4073,4563,1)
!
n100293 100293 1
(4213,5193,1)-(4248,5193,1)
!
